	Command being timed: "./demultiplexing.py -fq input_files/1294_S1_L008_R1_001.fastq.gz input_files/1294_S1_L008_R2_001.fastq.gz input_files/1294_S1_L008_R3_001.fastq.gz input_files/1294_S1_L008_R4_001.fastq.gz -i input_files/indexes.txt"
	User time (seconds): 5408.62
	System time (seconds): 73.50
	Percent of CPU this job got: 88%
	Elapsed (wall clock) time (h:mm:ss or m:ss): 1:43:04
	Average shared text size (kbytes): 0
	Average unshared data size (kbytes): 0
	Average stack size (kbytes): 0
	Average total size (kbytes): 0
	Maximum resident set size (kbytes): 126800
	Average resident set size (kbytes): 0
	Major (requiring I/O) page faults: 0
	Minor (reclaiming a frame) page faults: 2901809
	Voluntary context switches: 95997
	Involuntary context switches: 16359
	Swaps: 0
	File system inputs: 0
	File system outputs: 0
	Socket messages sent: 0
	Socket messages received: 0
	Signals delivered: 0
	Page size (bytes): 4096
	Exit status: 0
