TACGCTAC   10474   GTAGCGTA   10474
ATCGATCG   8172   CGATCGAT   8172
CCTTGATC   23412   GATCAAGG   23412
TCGCTGTT   11869   AACAGCGA   11869
CATGGCTA   9789   TAGCCATG   9789
GATTACCG   11507   CGGTAATC   11507
ATCCAGAG   44221   CTCTGGAT   44221
ATCCGGTA   81371   TACCGGAT   81371
TGAGCTAG   36371   CTAGCTCA   36371
GTGAAGTG   7940   CACTTCAC   7940
AGAGTAGC   9482   GCTACTCT   9482
CTGATCGT   9309   ACGATCAG   9309
GTGCCATA   100337   TATGGCAC   100337
ACGGAACA   100823   TGTTCCGT   100823
CTTAGGAC   15623   GTCCTAAG   15623
CTTGTCGA   11601   TCGACAAG   11601
GTCGAAGA   44299   TCTTCGAC   44299
CGCATGAT   12280   ATCATGCG   12280
ACCACGAT   8867   ATCGTGGT   8867
ACTCTCGA   15054   TCGAGAGT   15054
GAATCCGA   6967   TCGGATTC   6967
GCAAGATC   4408   GATCTTGC   4408
TGGACTCT   12403   AGAGTCCA   12403
GCTATCCT   11376   AGGATAGC   11376
