    33876324 AACAGCGA.fastq
    26454196 ACCACGAT.fastq
    30780432 ACGATCAG.fastq
    61030844 ACGGAACA.fastq
    45657516 ACTCTCGA.fastq
    28377376 AGAGTAGC.fastq
    43312912 AGAGTCCA.fastq
    33137924 AGGATAGC.fastq
    38488776 ATCATGCG.fastq
   134941696 ATCCAGAG.fastq
   295306236 ATCCGGTA.fastq
    21866408 ATCGATCG.fastq
    16264384 CACTTCAC.fastq
    41717048 CATGGCTA.fastq
    25565120 CCTTGATC.fastq
    19368468 CGGTAATC.fastq
    67138856 CTAGCTCA.fastq
    34154612 CTTAGGAC.fastq
    14976076 CTTGTCGA.fastq
    17825768 GAATCCGA.fastq
    14221728 GATCTTGC.fastq
    31318928 GTAGCGTA.fastq
   163328444 GTCGAAGA.fastq
    43440564 GTGCCATA.fastq
     2429208 R1_hopped.fastq
   168007096 R1_undefined.fastq
  2905973880 total
